<?xml version="1.0" encoding="UTF-8"?>
<!-- Generated by org.testng.reporters.JUnitXMLReporter -->
<testsuite hostname="HIBACL127073" ignored="0" name="BankingApp Test" tests="7" failures="5" timestamp="2020-05-21T11:25:27 IST" time="70.69" errors="0">
  <testcase name="loginTest" time="2.393" classname="com.inetBanking.TestCases.TC_Login_001"/>
  <testcase name="loginDDT" time="4.592" classname="com.inetBanking.TestCases.TC_Login_DDT_002">
    <failure type="java.lang.AssertionError" message="expected [true] but found [false]">
      <![CDATA[java.lang.AssertionError: expected [true] but found [false]
at com.inetBanking.TestCases.TC_Login_DDT_002.loginDDT(TC_Login_DDT_002.java:29)
at java.util.ArrayList.forEach(ArrayList.java:1257)
... Removed 31 stack frames]]>
    </failure>
  </testcase> <!-- loginDDT -->
  <testcase name="loginDDT" time="3.575" classname="com.inetBanking.TestCases.TC_Login_DDT_002">
    <failure type="java.lang.AssertionError" message="expected [true] but found [false]">
      <![CDATA[java.lang.AssertionError: expected [true] but found [false]
at com.inetBanking.TestCases.TC_Login_DDT_002.loginDDT(TC_Login_DDT_002.java:29)
at java.util.ArrayList.forEach(ArrayList.java:1257)
... Removed 31 stack frames]]>
    </failure>
  </testcase> <!-- loginDDT -->
  <testcase name="loginDDT" time="3.094" classname="com.inetBanking.TestCases.TC_Login_DDT_002">
    <failure type="java.lang.AssertionError" message="expected [true] but found [false]">
      <![CDATA[java.lang.AssertionError: expected [true] but found [false]
at com.inetBanking.TestCases.TC_Login_DDT_002.loginDDT(TC_Login_DDT_002.java:29)
at java.util.ArrayList.forEach(ArrayList.java:1257)
... Removed 31 stack frames]]>
    </failure>
  </testcase> <!-- loginDDT -->
  <testcase name="loginDDT" time="2.492" classname="com.inetBanking.TestCases.TC_Login_DDT_002">
    <failure type="java.lang.AssertionError" message="expected [true] but found [false]">
      <![CDATA[java.lang.AssertionError: expected [true] but found [false]
at com.inetBanking.TestCases.TC_Login_DDT_002.loginDDT(TC_Login_DDT_002.java:29)
at java.util.ArrayList.forEach(ArrayList.java:1257)
... Removed 31 stack frames]]>
    </failure>
  </testcase> <!-- loginDDT -->
  <testcase name="loginDDT" time="4.66" classname="com.inetBanking.TestCases.TC_Login_DDT_002">
    <failure type="java.lang.AssertionError" message="expected [true] but found [false]">
      <![CDATA[java.lang.AssertionError: expected [true] but found [false]
at com.inetBanking.TestCases.TC_Login_DDT_002.loginDDT(TC_Login_DDT_002.java:29)
at java.util.ArrayList.forEach(ArrayList.java:1257)
... Removed 31 stack frames]]>
    </failure>
  </testcase> <!-- loginDDT -->
  <testcase name="addNewCustomer" time="21.241" classname="com.inetBanking.TestCases.TC_AddCustomer_003"/>
</testsuite> <!-- BankingApp Test -->
