<?xml version="1.0" encoding="UTF-8"?>
<!-- Generated by org.testng.reporters.JUnitXMLReporter -->
<testsuite hostname="HIBACL127073" ignored="0" name="BankingApp Test" tests="2" failures="0" timestamp="2020-05-25T15:08:11 IST" time="3.842" errors="0">
  <testcase name="@BeforeClass setup" time="2.392" classname="com.inetBanking.TestCases.BaseClass">
    <failure type="org.openqa.selenium.WebDriverException" message="unknown error: cannot find Chrome binary
Build info: version: &amp;apos;3.141.59&amp;apos;, revision: &amp;apos;e82be7d358&amp;apos;, time: &amp;apos;2018-11-14T08:17:03&amp;apos;
System info: host: &amp;apos;HIBACL127073&amp;apos;, ip: &amp;apos;172.30.54.241&amp;apos;, os.name: &amp;apos;Windows 10&amp;apos;, os.arch: &amp;apos;amd64&amp;apos;, os.version: &amp;apos;10.0&amp;apos;, java.version: &amp;apos;1.8.0_211&amp;apos;
Driver info: driver.version: ChromeDriver
remote stacktrace: Backtrace:
	Ordinal0 [0x00DBEB13+1501971]
	Ordinal0 [0x00D3F6D1+980689]
	Ordinal0 [0x00CC765F+489055]
	Ordinal0 [0x00C5B7ED+47085]
	Ordinal0 [0x00C79800+169984]
	Ordinal0 [0x00C7942D+169005]
	Ordinal0 [0x00C778EB+162027]
	Ordinal0 [0x00C60AC7+68295]
	Ordinal0 [0x00C61B40+72512]
	Ordinal0 [0x00C61AD9+72409]
	Ordinal0 [0x00D58F37+1085239]
	GetHandleVerifier [0x00E5D7ED+503293]
	GetHandleVerifier [0x00E5D580+502672]
	GetHandleVerifier [0x00E646AC+531644]
	GetHandleVerifier [0x00E5DFFA+505354]
	Ordinal0 [0x00D50606+1050118]
	Ordinal0 [0x00D5047F+1049727]
	Ordinal0 [0x00D5AF9B+1093531]
	Ordinal0 [0x00D5B103+1093891]
	Ordinal0 [0x00D5A095+1089685]
	BaseThreadInitThunk [0x76578494+36]
	RtlAreBitsSet [0x777441C8+136]
	RtlAreBitsSet [0x77744198+88]
">
      <![CDATA[org.openqa.selenium.WebDriverException: unknown error: cannot find Chrome binary
Build info: version: '3.141.59', revision: 'e82be7d358', time: '2018-11-14T08:17:03'
System info: host: 'HIBACL127073', ip: '172.30.54.241', os.name: 'Windows 10', os.arch: 'amd64', os.version: '10.0', java.version: '1.8.0_211'
Driver info: driver.version: ChromeDriver
remote stacktrace: Backtrace:
Ordinal0 [0x00DBEB13+1501971]
Ordinal0 [0x00D3F6D1+980689]
Ordinal0 [0x00CC765F+489055]
Ordinal0 [0x00C5B7ED+47085]
Ordinal0 [0x00C79800+169984]
Ordinal0 [0x00C7942D+169005]
Ordinal0 [0x00C778EB+162027]
Ordinal0 [0x00C60AC7+68295]
Ordinal0 [0x00C61B40+72512]
Ordinal0 [0x00C61AD9+72409]
Ordinal0 [0x00D58F37+1085239]
GetHandleVerifier [0x00E5D7ED+503293]
GetHandleVerifier [0x00E5D580+502672]
GetHandleVerifier [0x00E646AC+531644]
GetHandleVerifier [0x00E5DFFA+505354]
Ordinal0 [0x00D50606+1050118]
Ordinal0 [0x00D5047F+1049727]
Ordinal0 [0x00D5AF9B+1093531]
Ordinal0 [0x00D5B103+1093891]
Ordinal0 [0x00D5A095+1089685]
BaseThreadInitThunk [0x76578494+36]
RtlAreBitsSet [0x777441C8+136]
RtlAreBitsSet [0x77744198+88]

at org.openqa.selenium.remote.W3CHandshakeResponse.lambda$errorHandler$0(W3CHandshakeResponse.java:62)
at org.openqa.selenium.remote.HandshakeResponse.lambda$getResponseFunction$0(HandshakeResponse.java:30)
at org.openqa.selenium.remote.ProtocolHandshake.lambda$createSession$0(ProtocolHandshake.java:126)
at java.util.stream.ReferencePipeline$3$1.accept(ReferencePipeline.java:193)
at java.util.Spliterators$ArraySpliterator.tryAdvance(Spliterators.java:958)
at java.util.stream.ReferencePipeline.forEachWithCancel(ReferencePipeline.java:126)
at java.util.stream.AbstractPipeline.copyIntoWithCancel(AbstractPipeline.java:498)
at java.util.stream.AbstractPipeline.copyInto(AbstractPipeline.java:485)
at java.util.stream.AbstractPipeline.wrapAndCopyInto(AbstractPipeline.java:471)
at java.util.stream.FindOps$FindOp.evaluateSequential(FindOps.java:152)
at java.util.stream.AbstractPipeline.evaluate(AbstractPipeline.java:234)
at java.util.stream.ReferencePipeline.findFirst(ReferencePipeline.java:464)
at org.openqa.selenium.remote.ProtocolHandshake.createSession(ProtocolHandshake.java:128)
at org.openqa.selenium.remote.ProtocolHandshake.createSession(ProtocolHandshake.java:74)
at org.openqa.selenium.remote.HttpCommandExecutor.execute(HttpCommandExecutor.java:136)
at org.openqa.selenium.remote.service.DriverCommandExecutor.execute(DriverCommandExecutor.java:83)
at org.openqa.selenium.remote.RemoteWebDriver.execute(RemoteWebDriver.java:552)
at org.openqa.selenium.remote.RemoteWebDriver.startSession(RemoteWebDriver.java:213)
at org.openqa.selenium.remote.RemoteWebDriver.<init>(RemoteWebDriver.java:131)
at org.openqa.selenium.chrome.ChromeDriver.<init>(ChromeDriver.java:181)
at org.openqa.selenium.chrome.ChromeDriver.<init>(ChromeDriver.java:168)
at org.openqa.selenium.chrome.ChromeDriver.<init>(ChromeDriver.java:123)
at com.inetBanking.TestCases.BaseClass.setup(BaseClass.java:41)
at java.util.ArrayList.forEach(ArrayList.java:1257)
... Removed 33 stack frames]]>
    </failure>
  </testcase> <!-- @BeforeClass setup -->
  <testcase name="@AfterClass tearDown" time="-1.590399489848E9" classname="com.inetBanking.TestCases.BaseClass">
    <skipped/>
  </testcase> <!-- @AfterClass tearDown -->
  <testcase name="@BeforeClass setup" time="1.152" classname="com.inetBanking.TestCases.BaseClass">
    <failure type="org.openqa.selenium.WebDriverException" message="unknown error: cannot find Chrome binary
Build info: version: &amp;apos;3.141.59&amp;apos;, revision: &amp;apos;e82be7d358&amp;apos;, time: &amp;apos;2018-11-14T08:17:03&amp;apos;
System info: host: &amp;apos;HIBACL127073&amp;apos;, ip: &amp;apos;172.30.54.241&amp;apos;, os.name: &amp;apos;Windows 10&amp;apos;, os.arch: &amp;apos;amd64&amp;apos;, os.version: &amp;apos;10.0&amp;apos;, java.version: &amp;apos;1.8.0_211&amp;apos;
Driver info: driver.version: ChromeDriver
remote stacktrace: Backtrace:
	Ordinal0 [0x00DBEB13+1501971]
	Ordinal0 [0x00D3F6D1+980689]
	Ordinal0 [0x00CC765F+489055]
	Ordinal0 [0x00C5B7ED+47085]
	Ordinal0 [0x00C79800+169984]
	Ordinal0 [0x00C7942D+169005]
	Ordinal0 [0x00C778EB+162027]
	Ordinal0 [0x00C60AC7+68295]
	Ordinal0 [0x00C61B40+72512]
	Ordinal0 [0x00C61AD9+72409]
	Ordinal0 [0x00D58F37+1085239]
	GetHandleVerifier [0x00E5D7ED+503293]
	GetHandleVerifier [0x00E5D580+502672]
	GetHandleVerifier [0x00E646AC+531644]
	GetHandleVerifier [0x00E5DFFA+505354]
	Ordinal0 [0x00D50606+1050118]
	Ordinal0 [0x00D5047F+1049727]
	Ordinal0 [0x00D5AF9B+1093531]
	Ordinal0 [0x00D5B103+1093891]
	Ordinal0 [0x00D5A095+1089685]
	BaseThreadInitThunk [0x76578494+36]
	RtlAreBitsSet [0x777441C8+136]
	RtlAreBitsSet [0x77744198+88]
">
      <![CDATA[org.openqa.selenium.WebDriverException: unknown error: cannot find Chrome binary
Build info: version: '3.141.59', revision: 'e82be7d358', time: '2018-11-14T08:17:03'
System info: host: 'HIBACL127073', ip: '172.30.54.241', os.name: 'Windows 10', os.arch: 'amd64', os.version: '10.0', java.version: '1.8.0_211'
Driver info: driver.version: ChromeDriver
remote stacktrace: Backtrace:
Ordinal0 [0x00DBEB13+1501971]
Ordinal0 [0x00D3F6D1+980689]
Ordinal0 [0x00CC765F+489055]
Ordinal0 [0x00C5B7ED+47085]
Ordinal0 [0x00C79800+169984]
Ordinal0 [0x00C7942D+169005]
Ordinal0 [0x00C778EB+162027]
Ordinal0 [0x00C60AC7+68295]
Ordinal0 [0x00C61B40+72512]
Ordinal0 [0x00C61AD9+72409]
Ordinal0 [0x00D58F37+1085239]
GetHandleVerifier [0x00E5D7ED+503293]
GetHandleVerifier [0x00E5D580+502672]
GetHandleVerifier [0x00E646AC+531644]
GetHandleVerifier [0x00E5DFFA+505354]
Ordinal0 [0x00D50606+1050118]
Ordinal0 [0x00D5047F+1049727]
Ordinal0 [0x00D5AF9B+1093531]
Ordinal0 [0x00D5B103+1093891]
Ordinal0 [0x00D5A095+1089685]
BaseThreadInitThunk [0x76578494+36]
RtlAreBitsSet [0x777441C8+136]
RtlAreBitsSet [0x77744198+88]

at org.openqa.selenium.remote.W3CHandshakeResponse.lambda$errorHandler$0(W3CHandshakeResponse.java:62)
at org.openqa.selenium.remote.HandshakeResponse.lambda$getResponseFunction$0(HandshakeResponse.java:30)
at org.openqa.selenium.remote.ProtocolHandshake.lambda$createSession$0(ProtocolHandshake.java:126)
at java.util.stream.ReferencePipeline$3$1.accept(ReferencePipeline.java:193)
at java.util.Spliterators$ArraySpliterator.tryAdvance(Spliterators.java:958)
at java.util.stream.ReferencePipeline.forEachWithCancel(ReferencePipeline.java:126)
at java.util.stream.AbstractPipeline.copyIntoWithCancel(AbstractPipeline.java:498)
at java.util.stream.AbstractPipeline.copyInto(AbstractPipeline.java:485)
at java.util.stream.AbstractPipeline.wrapAndCopyInto(AbstractPipeline.java:471)
at java.util.stream.FindOps$FindOp.evaluateSequential(FindOps.java:152)
at java.util.stream.AbstractPipeline.evaluate(AbstractPipeline.java:234)
at java.util.stream.ReferencePipeline.findFirst(ReferencePipeline.java:464)
at org.openqa.selenium.remote.ProtocolHandshake.createSession(ProtocolHandshake.java:128)
at org.openqa.selenium.remote.ProtocolHandshake.createSession(ProtocolHandshake.java:74)
at org.openqa.selenium.remote.HttpCommandExecutor.execute(HttpCommandExecutor.java:136)
at org.openqa.selenium.remote.service.DriverCommandExecutor.execute(DriverCommandExecutor.java:83)
at org.openqa.selenium.remote.RemoteWebDriver.execute(RemoteWebDriver.java:552)
at org.openqa.selenium.remote.RemoteWebDriver.startSession(RemoteWebDriver.java:213)
at org.openqa.selenium.remote.RemoteWebDriver.<init>(RemoteWebDriver.java:131)
at org.openqa.selenium.chrome.ChromeDriver.<init>(ChromeDriver.java:181)
at org.openqa.selenium.chrome.ChromeDriver.<init>(ChromeDriver.java:168)
at org.openqa.selenium.chrome.ChromeDriver.<init>(ChromeDriver.java:123)
at com.inetBanking.TestCases.BaseClass.setup(BaseClass.java:41)
at java.util.ArrayList.forEach(ArrayList.java:1257)
... Removed 33 stack frames]]>
    </failure>
  </testcase> <!-- @BeforeClass setup -->
  <testcase name="@AfterClass tearDown" time="-1.590399491006E9" classname="com.inetBanking.TestCases.BaseClass">
    <skipped/>
  </testcase> <!-- @AfterClass tearDown -->
  <testcase name="loginTest" time="0.0" classname="com.inetBanking.TestCases.TC_Login_001">
    <skipped/>
  </testcase> <!-- loginTest -->
  <testcase name="addNewCustomer" time="0.0" classname="com.inetBanking.TestCases.TC_AddCustomer_003">
    <skipped/>
  </testcase> <!-- addNewCustomer -->
</testsuite> <!-- BankingApp Test -->
