<!DOCTYPE html PUBLIC "-//W3C//DTD XHTML 1.1//EN" "http://www.w3.org/TR/xhtml11/DTD/xhtml11.dtd">
<html xmlns="http://www.w3.org/1999/xhtml">
<head>
<meta http-equiv="content-type" content="text/html; charset=UTF-8"/>
<title>TestNG Report</title>
<style type="text/css">table {margin-bottom:10px;border-collapse:collapse;empty-cells:show}th,td {border:1px solid #009;padding:.25em .5em}th {vertical-align:bottom}td {vertical-align:top}table a {font-weight:bold}.stripe td {background-color: #E6EBF9}.num {text-align:right}.passedodd td {background-color: #3F3}.passedeven td {background-color: #0A0}.skippedodd td {background-color: #DDD}.skippedeven td {background-color: #CCC}.failedodd td,.attn {background-color: #F33}.failedeven td,.stripe .attn {background-color: #D00}.stacktrace {white-space:pre;font-family:monospace}.totop {font-size:85%;text-align:center;border-bottom:2px solid #000}.invisible {display:none}</style>
</head>
<body>
<table>
<tr><th>Test</th><th># Passed</th><th># Skipped</th><th># Retried</th><th># Failed</th><th>Time (ms)</th><th>Included Groups</th><th>Excluded Groups</th></tr>
<tr><th colspan="8">InetBankingV1</th></tr>
<tr><td><a href="#t0">BankingApp Test</a></td><td class="num">0</td><td class="num attn">2</td><td class="num">0</td><td class="num">0</td><td class="num">3,842</td><td></td><td></td></tr>
</table>
<table id='summary'><thead><tr><th>Class</th><th>Method</th><th>Start</th><th>Time (ms)</th></tr></thead><tbody><tr><th colspan="4">InetBankingV1</th></tr></tbody><tbody id="t0"><tr><th colspan="4">BankingApp Test &#8212; failed (configuration methods)</th></tr><tr class="failedeven"><td rowspan="1">com.inetBanking.TestCases.TC_AddCustomer_003</td><td><a href="#m0">setup</a></td><td rowspan="1">1590399489849</td><td rowspan="1">1152</td></tr><tr class="failedodd"><td rowspan="1">com.inetBanking.TestCases.TC_Login_001</td><td><a href="#m1">setup</a></td><td rowspan="1">1590399487409</td><td rowspan="1">2392</td></tr><tr><th colspan="4">BankingApp Test &#8212; skipped (configuration methods)</th></tr><tr class="skippedeven"><td rowspan="1">com.inetBanking.TestCases.TC_AddCustomer_003</td><td><a href="#m2">tearDown</a></td><td rowspan="1">1590399491006</td><td rowspan="1">-1590399491006</td></tr><tr class="skippedodd"><td rowspan="1">com.inetBanking.TestCases.TC_Login_001</td><td><a href="#m3">tearDown</a></td><td rowspan="1">1590399489848</td><td rowspan="1">-1590399489848</td></tr><tr><th colspan="4">BankingApp Test &#8212; skipped</th></tr><tr class="skippedeven"><td rowspan="1">com.inetBanking.TestCases.TC_AddCustomer_003</td><td><a href="#m4">addNewCustomer</a></td><td rowspan="1">1590399491005</td><td rowspan="1">0</td></tr><tr class="skippedodd"><td rowspan="1">com.inetBanking.TestCases.TC_Login_001</td><td><a href="#m5">loginTest</a></td><td rowspan="1">1590399489833</td><td rowspan="1">0</td></tr></tbody>
</table>
<h2>BankingApp Test</h2><h3 id="m0">com.inetBanking.TestCases.TC_AddCustomer_003#setup</h3><table class="result"><tr class="param"><th>Parameter #1</th></tr><tr class="param stripe"><td>chrome</td></tr><tr><th>Exception</th></tr><tr><td><div class="stacktrace">org.openqa.selenium.WebDriverException: unknown error: cannot find Chrome binary
Build info: version: &apos;3.141.59&apos;, revision: &apos;e82be7d358&apos;, time: &apos;2018-11-14T08:17:03&apos;
System info: host: &apos;HIBACL127073&apos;, ip: &apos;172.30.54.241&apos;, os.name: &apos;Windows 10&apos;, os.arch: &apos;amd64&apos;, os.version: &apos;10.0&apos;, java.version: &apos;1.8.0_211&apos;
Driver info: driver.version: ChromeDriver
remote stacktrace: Backtrace:
	Ordinal0 [0x00DBEB13+1501971]
	Ordinal0 [0x00D3F6D1+980689]
	Ordinal0 [0x00CC765F+489055]
	Ordinal0 [0x00C5B7ED+47085]
	Ordinal0 [0x00C79800+169984]
	Ordinal0 [0x00C7942D+169005]
	Ordinal0 [0x00C778EB+162027]
	Ordinal0 [0x00C60AC7+68295]
	Ordinal0 [0x00C61B40+72512]
	Ordinal0 [0x00C61AD9+72409]
	Ordinal0 [0x00D58F37+1085239]
	GetHandleVerifier [0x00E5D7ED+503293]
	GetHandleVerifier [0x00E5D580+502672]
	GetHandleVerifier [0x00E646AC+531644]
	GetHandleVerifier [0x00E5DFFA+505354]
	Ordinal0 [0x00D50606+1050118]
	Ordinal0 [0x00D5047F+1049727]
	Ordinal0 [0x00D5AF9B+1093531]
	Ordinal0 [0x00D5B103+1093891]
	Ordinal0 [0x00D5A095+1089685]
	BaseThreadInitThunk [0x76578494+36]
	RtlAreBitsSet [0x777441C8+136]
	RtlAreBitsSet [0x77744198+88]

	at org.openqa.selenium.remote.W3CHandshakeResponse.lambda$errorHandler$0(W3CHandshakeResponse.java:62)
	at org.openqa.selenium.remote.HandshakeResponse.lambda$getResponseFunction$0(HandshakeResponse.java:30)
	at org.openqa.selenium.remote.ProtocolHandshake.lambda$createSession$0(ProtocolHandshake.java:126)
	at java.util.stream.ReferencePipeline$3$1.accept(ReferencePipeline.java:193)
	at java.util.Spliterators$ArraySpliterator.tryAdvance(Spliterators.java:958)
	at java.util.stream.ReferencePipeline.forEachWithCancel(ReferencePipeline.java:126)
	at java.util.stream.AbstractPipeline.copyIntoWithCancel(AbstractPipeline.java:498)
	at java.util.stream.AbstractPipeline.copyInto(AbstractPipeline.java:485)
	at java.util.stream.AbstractPipeline.wrapAndCopyInto(AbstractPipeline.java:471)
	at java.util.stream.FindOps$FindOp.evaluateSequential(FindOps.java:152)
	at java.util.stream.AbstractPipeline.evaluate(AbstractPipeline.java:234)
	at java.util.stream.ReferencePipeline.findFirst(ReferencePipeline.java:464)
	at org.openqa.selenium.remote.ProtocolHandshake.createSession(ProtocolHandshake.java:128)
	at org.openqa.selenium.remote.ProtocolHandshake.createSession(ProtocolHandshake.java:74)
	at org.openqa.selenium.remote.HttpCommandExecutor.execute(HttpCommandExecutor.java:136)
	at org.openqa.selenium.remote.service.DriverCommandExecutor.execute(DriverCommandExecutor.java:83)
	at org.openqa.selenium.remote.RemoteWebDriver.execute(RemoteWebDriver.java:552)
	at org.openqa.selenium.remote.RemoteWebDriver.startSession(RemoteWebDriver.java:213)
	at org.openqa.selenium.remote.RemoteWebDriver.&lt;init&gt;(RemoteWebDriver.java:131)
	at org.openqa.selenium.chrome.ChromeDriver.&lt;init&gt;(ChromeDriver.java:181)
	at org.openqa.selenium.chrome.ChromeDriver.&lt;init&gt;(ChromeDriver.java:168)
	at org.openqa.selenium.chrome.ChromeDriver.&lt;init&gt;(ChromeDriver.java:123)
	at com.inetBanking.TestCases.BaseClass.setup(BaseClass.java:41)
	at java.util.ArrayList.forEach(ArrayList.java:1257)
... Removed 33 stack frames</div></td></tr></table><p class="totop"><a href="#summary">back to summary</a></p>
<h3 id="m1">com.inetBanking.TestCases.TC_Login_001#setup</h3><table class="result"><tr class="param"><th>Parameter #1</th></tr><tr class="param stripe"><td>chrome</td></tr><tr><th>Exception</th></tr><tr><td><div class="stacktrace">org.openqa.selenium.WebDriverException: unknown error: cannot find Chrome binary
Build info: version: &apos;3.141.59&apos;, revision: &apos;e82be7d358&apos;, time: &apos;2018-11-14T08:17:03&apos;
System info: host: &apos;HIBACL127073&apos;, ip: &apos;172.30.54.241&apos;, os.name: &apos;Windows 10&apos;, os.arch: &apos;amd64&apos;, os.version: &apos;10.0&apos;, java.version: &apos;1.8.0_211&apos;
Driver info: driver.version: ChromeDriver
remote stacktrace: Backtrace:
	Ordinal0 [0x00DBEB13+1501971]
	Ordinal0 [0x00D3F6D1+980689]
	Ordinal0 [0x00CC765F+489055]
	Ordinal0 [0x00C5B7ED+47085]
	Ordinal0 [0x00C79800+169984]
	Ordinal0 [0x00C7942D+169005]
	Ordinal0 [0x00C778EB+162027]
	Ordinal0 [0x00C60AC7+68295]
	Ordinal0 [0x00C61B40+72512]
	Ordinal0 [0x00C61AD9+72409]
	Ordinal0 [0x00D58F37+1085239]
	GetHandleVerifier [0x00E5D7ED+503293]
	GetHandleVerifier [0x00E5D580+502672]
	GetHandleVerifier [0x00E646AC+531644]
	GetHandleVerifier [0x00E5DFFA+505354]
	Ordinal0 [0x00D50606+1050118]
	Ordinal0 [0x00D5047F+1049727]
	Ordinal0 [0x00D5AF9B+1093531]
	Ordinal0 [0x00D5B103+1093891]
	Ordinal0 [0x00D5A095+1089685]
	BaseThreadInitThunk [0x76578494+36]
	RtlAreBitsSet [0x777441C8+136]
	RtlAreBitsSet [0x77744198+88]

	at org.openqa.selenium.remote.W3CHandshakeResponse.lambda$errorHandler$0(W3CHandshakeResponse.java:62)
	at org.openqa.selenium.remote.HandshakeResponse.lambda$getResponseFunction$0(HandshakeResponse.java:30)
	at org.openqa.selenium.remote.ProtocolHandshake.lambda$createSession$0(ProtocolHandshake.java:126)
	at java.util.stream.ReferencePipeline$3$1.accept(ReferencePipeline.java:193)
	at java.util.Spliterators$ArraySpliterator.tryAdvance(Spliterators.java:958)
	at java.util.stream.ReferencePipeline.forEachWithCancel(ReferencePipeline.java:126)
	at java.util.stream.AbstractPipeline.copyIntoWithCancel(AbstractPipeline.java:498)
	at java.util.stream.AbstractPipeline.copyInto(AbstractPipeline.java:485)
	at java.util.stream.AbstractPipeline.wrapAndCopyInto(AbstractPipeline.java:471)
	at java.util.stream.FindOps$FindOp.evaluateSequential(FindOps.java:152)
	at java.util.stream.AbstractPipeline.evaluate(AbstractPipeline.java:234)
	at java.util.stream.ReferencePipeline.findFirst(ReferencePipeline.java:464)
	at org.openqa.selenium.remote.ProtocolHandshake.createSession(ProtocolHandshake.java:128)
	at org.openqa.selenium.remote.ProtocolHandshake.createSession(ProtocolHandshake.java:74)
	at org.openqa.selenium.remote.HttpCommandExecutor.execute(HttpCommandExecutor.java:136)
	at org.openqa.selenium.remote.service.DriverCommandExecutor.execute(DriverCommandExecutor.java:83)
	at org.openqa.selenium.remote.RemoteWebDriver.execute(RemoteWebDriver.java:552)
	at org.openqa.selenium.remote.RemoteWebDriver.startSession(RemoteWebDriver.java:213)
	at org.openqa.selenium.remote.RemoteWebDriver.&lt;init&gt;(RemoteWebDriver.java:131)
	at org.openqa.selenium.chrome.ChromeDriver.&lt;init&gt;(ChromeDriver.java:181)
	at org.openqa.selenium.chrome.ChromeDriver.&lt;init&gt;(ChromeDriver.java:168)
	at org.openqa.selenium.chrome.ChromeDriver.&lt;init&gt;(ChromeDriver.java:123)
	at com.inetBanking.TestCases.BaseClass.setup(BaseClass.java:41)
	at java.util.ArrayList.forEach(ArrayList.java:1257)
... Removed 33 stack frames</div></td></tr></table><p class="totop"><a href="#summary">back to summary</a></p>
<h3 id="m2">com.inetBanking.TestCases.TC_AddCustomer_003#tearDown</h3><table class="result"><tr><th class="invisible"/></tr></table><p class="totop"><a href="#summary">back to summary</a></p>
<h3 id="m3">com.inetBanking.TestCases.TC_Login_001#tearDown</h3><table class="result"><tr><th class="invisible"/></tr></table><p class="totop"><a href="#summary">back to summary</a></p>
<h3 id="m4">com.inetBanking.TestCases.TC_AddCustomer_003#addNewCustomer</h3><table class="result"><tr><th>Exception</th></tr><tr><td><div class="stacktrace">org.openqa.selenium.WebDriverException: unknown error: cannot find Chrome binary
Build info: version: &apos;3.141.59&apos;, revision: &apos;e82be7d358&apos;, time: &apos;2018-11-14T08:17:03&apos;
System info: host: &apos;HIBACL127073&apos;, ip: &apos;172.30.54.241&apos;, os.name: &apos;Windows 10&apos;, os.arch: &apos;amd64&apos;, os.version: &apos;10.0&apos;, java.version: &apos;1.8.0_211&apos;
Driver info: driver.version: ChromeDriver
remote stacktrace: Backtrace:
	Ordinal0 [0x00DBEB13+1501971]
	Ordinal0 [0x00D3F6D1+980689]
	Ordinal0 [0x00CC765F+489055]
	Ordinal0 [0x00C5B7ED+47085]
	Ordinal0 [0x00C79800+169984]
	Ordinal0 [0x00C7942D+169005]
	Ordinal0 [0x00C778EB+162027]
	Ordinal0 [0x00C60AC7+68295]
	Ordinal0 [0x00C61B40+72512]
	Ordinal0 [0x00C61AD9+72409]
	Ordinal0 [0x00D58F37+1085239]
	GetHandleVerifier [0x00E5D7ED+503293]
	GetHandleVerifier [0x00E5D580+502672]
	GetHandleVerifier [0x00E646AC+531644]
	GetHandleVerifier [0x00E5DFFA+505354]
	Ordinal0 [0x00D50606+1050118]
	Ordinal0 [0x00D5047F+1049727]
	Ordinal0 [0x00D5AF9B+1093531]
	Ordinal0 [0x00D5B103+1093891]
	Ordinal0 [0x00D5A095+1089685]
	BaseThreadInitThunk [0x76578494+36]
	RtlAreBitsSet [0x777441C8+136]
	RtlAreBitsSet [0x77744198+88]

	at org.openqa.selenium.remote.W3CHandshakeResponse.lambda$errorHandler$0(W3CHandshakeResponse.java:62)
	at org.openqa.selenium.remote.HandshakeResponse.lambda$getResponseFunction$0(HandshakeResponse.java:30)
	at org.openqa.selenium.remote.ProtocolHandshake.lambda$createSession$0(ProtocolHandshake.java:126)
	at java.util.stream.ReferencePipeline$3$1.accept(ReferencePipeline.java:193)
	at java.util.Spliterators$ArraySpliterator.tryAdvance(Spliterators.java:958)
	at java.util.stream.ReferencePipeline.forEachWithCancel(ReferencePipeline.java:126)
	at java.util.stream.AbstractPipeline.copyIntoWithCancel(AbstractPipeline.java:498)
	at java.util.stream.AbstractPipeline.copyInto(AbstractPipeline.java:485)
	at java.util.stream.AbstractPipeline.wrapAndCopyInto(AbstractPipeline.java:471)
	at java.util.stream.FindOps$FindOp.evaluateSequential(FindOps.java:152)
	at java.util.stream.AbstractPipeline.evaluate(AbstractPipeline.java:234)
	at java.util.stream.ReferencePipeline.findFirst(ReferencePipeline.java:464)
	at org.openqa.selenium.remote.ProtocolHandshake.createSession(ProtocolHandshake.java:128)
	at org.openqa.selenium.remote.ProtocolHandshake.createSession(ProtocolHandshake.java:74)
	at org.openqa.selenium.remote.HttpCommandExecutor.execute(HttpCommandExecutor.java:136)
	at org.openqa.selenium.remote.service.DriverCommandExecutor.execute(DriverCommandExecutor.java:83)
	at org.openqa.selenium.remote.RemoteWebDriver.execute(RemoteWebDriver.java:552)
	at org.openqa.selenium.remote.RemoteWebDriver.startSession(RemoteWebDriver.java:213)
	at org.openqa.selenium.remote.RemoteWebDriver.&lt;init&gt;(RemoteWebDriver.java:131)
	at org.openqa.selenium.chrome.ChromeDriver.&lt;init&gt;(ChromeDriver.java:181)
	at org.openqa.selenium.chrome.ChromeDriver.&lt;init&gt;(ChromeDriver.java:168)
	at org.openqa.selenium.chrome.ChromeDriver.&lt;init&gt;(ChromeDriver.java:123)
	at com.inetBanking.TestCases.BaseClass.setup(BaseClass.java:41)
	at java.util.ArrayList.forEach(ArrayList.java:1257)
... Removed 33 stack frames</div></td></tr></table><p class="totop"><a href="#summary">back to summary</a></p>
<h3 id="m5">com.inetBanking.TestCases.TC_Login_001#loginTest</h3><table class="result"><tr><th>Exception</th></tr><tr><td><div class="stacktrace">org.openqa.selenium.WebDriverException: unknown error: cannot find Chrome binary
Build info: version: &apos;3.141.59&apos;, revision: &apos;e82be7d358&apos;, time: &apos;2018-11-14T08:17:03&apos;
System info: host: &apos;HIBACL127073&apos;, ip: &apos;172.30.54.241&apos;, os.name: &apos;Windows 10&apos;, os.arch: &apos;amd64&apos;, os.version: &apos;10.0&apos;, java.version: &apos;1.8.0_211&apos;
Driver info: driver.version: ChromeDriver
remote stacktrace: Backtrace:
	Ordinal0 [0x00DBEB13+1501971]
	Ordinal0 [0x00D3F6D1+980689]
	Ordinal0 [0x00CC765F+489055]
	Ordinal0 [0x00C5B7ED+47085]
	Ordinal0 [0x00C79800+169984]
	Ordinal0 [0x00C7942D+169005]
	Ordinal0 [0x00C778EB+162027]
	Ordinal0 [0x00C60AC7+68295]
	Ordinal0 [0x00C61B40+72512]
	Ordinal0 [0x00C61AD9+72409]
	Ordinal0 [0x00D58F37+1085239]
	GetHandleVerifier [0x00E5D7ED+503293]
	GetHandleVerifier [0x00E5D580+502672]
	GetHandleVerifier [0x00E646AC+531644]
	GetHandleVerifier [0x00E5DFFA+505354]
	Ordinal0 [0x00D50606+1050118]
	Ordinal0 [0x00D5047F+1049727]
	Ordinal0 [0x00D5AF9B+1093531]
	Ordinal0 [0x00D5B103+1093891]
	Ordinal0 [0x00D5A095+1089685]
	BaseThreadInitThunk [0x76578494+36]
	RtlAreBitsSet [0x777441C8+136]
	RtlAreBitsSet [0x77744198+88]

	at org.openqa.selenium.remote.W3CHandshakeResponse.lambda$errorHandler$0(W3CHandshakeResponse.java:62)
	at org.openqa.selenium.remote.HandshakeResponse.lambda$getResponseFunction$0(HandshakeResponse.java:30)
	at org.openqa.selenium.remote.ProtocolHandshake.lambda$createSession$0(ProtocolHandshake.java:126)
	at java.util.stream.ReferencePipeline$3$1.accept(ReferencePipeline.java:193)
	at java.util.Spliterators$ArraySpliterator.tryAdvance(Spliterators.java:958)
	at java.util.stream.ReferencePipeline.forEachWithCancel(ReferencePipeline.java:126)
	at java.util.stream.AbstractPipeline.copyIntoWithCancel(AbstractPipeline.java:498)
	at java.util.stream.AbstractPipeline.copyInto(AbstractPipeline.java:485)
	at java.util.stream.AbstractPipeline.wrapAndCopyInto(AbstractPipeline.java:471)
	at java.util.stream.FindOps$FindOp.evaluateSequential(FindOps.java:152)
	at java.util.stream.AbstractPipeline.evaluate(AbstractPipeline.java:234)
	at java.util.stream.ReferencePipeline.findFirst(ReferencePipeline.java:464)
	at org.openqa.selenium.remote.ProtocolHandshake.createSession(ProtocolHandshake.java:128)
	at org.openqa.selenium.remote.ProtocolHandshake.createSession(ProtocolHandshake.java:74)
	at org.openqa.selenium.remote.HttpCommandExecutor.execute(HttpCommandExecutor.java:136)
	at org.openqa.selenium.remote.service.DriverCommandExecutor.execute(DriverCommandExecutor.java:83)
	at org.openqa.selenium.remote.RemoteWebDriver.execute(RemoteWebDriver.java:552)
	at org.openqa.selenium.remote.RemoteWebDriver.startSession(RemoteWebDriver.java:213)
	at org.openqa.selenium.remote.RemoteWebDriver.&lt;init&gt;(RemoteWebDriver.java:131)
	at org.openqa.selenium.chrome.ChromeDriver.&lt;init&gt;(ChromeDriver.java:181)
	at org.openqa.selenium.chrome.ChromeDriver.&lt;init&gt;(ChromeDriver.java:168)
	at org.openqa.selenium.chrome.ChromeDriver.&lt;init&gt;(ChromeDriver.java:123)
	at com.inetBanking.TestCases.BaseClass.setup(BaseClass.java:41)
	at java.util.ArrayList.forEach(ArrayList.java:1257)
... Removed 33 stack frames</div></td></tr></table><p class="totop"><a href="#summary">back to summary</a></p>
</body>
</html>
